# JRE version: OpenJDK Runtime Environment (8.0_76-b03) (build 1.8.0_76-release-b03)
# Java VM: OpenJDK 64-Bit Server VM (25.76-b03 mixed mode linux-amd64 compressed oops)
Heap:
 PSYoungGen      total 275456K, used 88073K [0x00000000eab00000, 0x00000000fcb80000, 0x0000000100000000)
  eden space 269824K, 32% used [0x00000000eab00000,0x00000000f01025d0,0x00000000fb280000)
  from space 5632K, 0% used [0x00000000fb600000,0x00000000fb600000,0x00000000fbb80000)
  to   space 12800K, 0% used [0x00000000fbf00000,0x00000000fbf00000,0x00000000fcb80000)
 ParOldGen       total 163328K, used 31391K [0x00000000c0000000, 0x00000000c9f80000, 0x00000000eab00000)
  object space 163328K, 19% used [0x00000000c0000000,0x00000000c1ea7d08,0x00000000c9f80000)
 Metaspace       used 67222K, capacity 72000K, committed 73088K, reserved 1114112K
  class space    used 8501K, capacity 9044K, committed 9344K, reserved 1048576K
GC Heap History (10 events):
Event: 10033,810 GC heap before
{Heap before GC invocations=52 (full 19):
 PSYoungGen      total 285696K, used 76296K [0x00000000eab00000, 0x00000000fd980000, 0x0000000100000000)
  eden space 279552K, 25% used [0x00000000eab00000,0x00000000eefae0e0,0x00000000fbc00000)
  from space 6144K, 97% used [0x00000000fd380000,0x00000000fd954090,0x00000000fd980000)
  to   space 13824K, 0% used [0x00000000fbe80000,0x00000000fbe80000,0x00000000fcc00000)
 ParOldGen       total 163328K, used 28833K [0x00000000c0000000, 0x00000000c9f80000, 0x00000000eab00000)
  object space 163328K, 17% used [0x00000000c0000000,0x00000000c1c287c0,0x00000000c9f80000)
 Metaspace       used 67243K, capacity 72208K, committed 72448K, reserved 1112064K
  class space    used 8516K, capacity 9098K, committed 9216K, reserved 1048576K
Event: 10033,815 GC heap after
Heap after GC invocations=52 (full 19):
 PSYoungGen      total 283136K, used 3178K [0x00000000eab00000, 0x00000000fd500000, 0x0000000100000000)
  eden space 279552K, 0% used [0x00000000eab00000,0x00000000eab00000,0x00000000fbc00000)
  from space 3584K, 88% used [0x00000000fbe80000,0x00000000fc19aab0,0x00000000fc200000)
  to   space 12800K, 0% used [0x00000000fc880000,0x00000000fc880000,0x00000000fd500000)
 ParOldGen       total 163328K, used 28833K [0x00000000c0000000, 0x00000000c9f80000, 0x00000000eab00000)
  object space 163328K, 17% used [0x00000000c0000000,0x00000000c1c287c0,0x00000000c9f80000)
 Metaspace       used 67243K, capacity 72208K, committed 72448K, reserved 1112064K
  class space    used 8516K, capacity 9098K, committed 9216K, reserved 1048576K
}
Event: 10033,815 GC heap before
{Heap before GC invocations=53 (full 20):
 PSYoungGen      total 283136K, used 3178K [0x00000000eab00000, 0x00000000fd500000, 0x0000000100000000)
  eden space 279552K, 0% used [0x00000000eab00000,0x00000000eab00000,0x00000000fbc00000)
  from space 3584K, 88% used [0x00000000fbe80000,0x00000000fc19aab0,0x00000000fc200000)
  to   space 12800K, 0% used [0x00000000fc880000,0x00000000fc880000,0x00000000fd500000)
 ParOldGen       total 163328K, used 28833K [0x00000000c0000000, 0x00000000c9f80000, 0x00000000eab00000)
  object space 163328K, 17% used [0x00000000c0000000,0x00000000c1c287c0,0x00000000c9f80000)
 Metaspace       used 67243K, capacity 72208K, committed 72448K, reserved 1112064K
  class space    used 8516K, capacity 9098K, committed 9216K, reserved 1048576K
Event: 10034,034 GC heap after
Heap after GC invocations=53 (full 20):
 PSYoungGen      total 283136K, used 0K [0x00000000eab00000, 0x00000000fd500000, 0x0000000100000000)
  eden space 279552K, 0% used [0x00000000eab00000,0x00000000eab00000,0x00000000fbc00000)
  from space 3584K, 0% used [0x00000000fbe80000,0x00000000fbe80000,0x00000000fc200000)
  to   space 12800K, 0% used [0x00000000fc880000,0x00000000fc880000,0x00000000fd500000)
 ParOldGen       total 163328K, used 28887K [0x00000000c0000000, 0x00000000c9f80000, 0x00000000eab00000)
  object space 163328K, 17% used [0x00000000c0000000,0x00000000c1c35f78,0x00000000c9f80000)
 Metaspace       used 66541K, capacity 71024K, committed 72448K, reserved 1112064K
  class space    used 8407K, capacity 8898K, committed 9216K, reserved 1048576K
}
Event: 10210,144 GC heap before
{Heap before GC invocations=54 (full 20):
 PSYoungGen      total 283136K, used 278704K [0x00000000eab00000, 0x00000000fd500000, 0x0000000100000000)
  eden space 279552K, 99% used [0x00000000eab00000,0x00000000fbb2c188,0x00000000fbc00000)
  from space 3584K, 0% used [0x00000000fbe80000,0x00000000fbe80000,0x00000000fc200000)
  to   space 12800K, 0% used [0x00000000fc880000,0x00000000fc880000,0x00000000fd500000)
 ParOldGen       total 163328K, used 28887K [0x00000000c0000000, 0x00000000c9f80000, 0x00000000eab00000)
  object space 163328K, 17% used [0x00000000c0000000,0x00000000c1c35f78,0x00000000c9f80000)
 Metaspace       used 66949K, capacity 71646K, committed 72704K, reserved 1112064K
  class space    used 8460K, capacity 8987K, committed 9216K, reserved 1048576K
Event: 10210,158 GC heap after
Heap after GC invocations=54 (full 20):
 PSYoungGen      total 277504K, used 7493K [0x00000000eab00000, 0x00000000fd000000, 0x0000000100000000)
  eden space 269824K, 0% used [0x00000000eab00000,0x00000000eab00000,0x00000000fb280000)
  from space 7680K, 97% used [0x00000000fc880000,0x00000000fcfd16a8,0x00000000fd000000)
  to   space 13312K, 0% used [0x00000000fb600000,0x00000000fb600000,0x00000000fc300000)
 ParOldGen       total 163328K, used 28895K [0x00000000c0000000, 0x00000000c9f80000, 0x00000000eab00000)
  object space 163328K, 17% used [0x00000000c0000000,0x00000000c1c37f78,0x00000000c9f80000)
 Metaspace       used 66949K, capacity 71646K, committed 72704K, reserved 1112064K
  class space    used 8460K, capacity 8987K, committed 9216K, reserved 1048576K
}
Event: 10211,335 GC heap before
{Heap before GC invocations=55 (full 20):
 PSYoungGen      total 277504K, used 140211K [0x00000000eab00000, 0x00000000fd000000, 0x0000000100000000)
  eden space 269824K, 49% used [0x00000000eab00000,0x00000000f2c9b7f8,0x00000000fb280000)
  from space 7680K, 97% used [0x00000000fc880000,0x00000000fcfd16a8,0x00000000fd000000)
  to   space 13312K, 0% used [0x00000000fb600000,0x00000000fb600000,0x00000000fc300000)
 ParOldGen       total 163328K, used 28895K [0x00000000c0000000, 0x00000000c9f80000, 0x00000000eab00000)
  object space 163328K, 17% used [0x00000000c0000000,0x00000000c1c37f78,0x00000000c9f80000)
 Metaspace       used 67267K, capacity 72152K, committed 72960K, reserved 1114112K
  class space    used 8514K, capacity 9076K, committed 9216K, reserved 1048576K
Event: 10211,343 GC heap after
Heap after GC invocations=55 (full 20):
 PSYoungGen      total 275456K, used 5538K [0x00000000eab00000, 0x00000000fcb80000, 0x0000000100000000)
  eden space 269824K, 0% used [0x00000000eab00000,0x00000000eab00000,0x00000000fb280000)
  from space 5632K, 98% used [0x00000000fb600000,0x00000000fbb68828,0x00000000fbb80000)
  to   space 12800K, 0% used [0x00000000fbf00000,0x00000000fbf00000,0x00000000fcb80000)
 ParOldGen       total 163328K, used 28895K [0x00000000c0000000, 0x00000000c9f80000, 0x00000000eab00000)
  object space 163328K, 17% used [0x00000000c0000000,0x00000000c1c37f78,0x00000000c9f80000)
 Metaspace       used 67267K, capacity 72152K, committed 72960K, reserved 1114112K
  class space    used 8514K, capacity 9076K, committed 9216K, reserved 1048576K
}
Event: 10211,343 GC heap before
{Heap before GC invocations=56 (full 21):
 PSYoungGen      total 275456K, used 5538K [0x00000000eab00000, 0x00000000fcb80000, 0x0000000100000000)
  eden space 269824K, 0% used [0x00000000eab00000,0x00000000eab00000,0x00000000fb280000)
  from space 5632K, 98% used [0x00000000fb600000,0x00000000fbb68828,0x00000000fbb80000)
  to   space 12800K, 0% used [0x00000000fbf00000,0x00000000fbf00000,0x00000000fcb80000)
 ParOldGen       total 163328K, used 28895K [0x00000000c0000000, 0x00000000c9f80000, 0x00000000eab00000)
  object space 163328K, 17% used [0x00000000c0000000,0x00000000c1c37f78,0x00000000c9f80000)
 Metaspace       used 67267K, capacity 72152K, committed 72960K, reserved 1114112K
  class space    used 8514K, capacity 9076K, committed 9216K, reserved 1048576K
Event: 10211,621 GC heap after
Heap after GC invocations=56 (full 21):
 PSYoungGen      total 275456K, used 0K [0x00000000eab00000, 0x00000000fcb80000, 0x0000000100000000)
  eden space 269824K, 0% used [0x00000000eab00000,0x00000000eab00000,0x00000000fb280000)
  from space 5632K, 0% used [0x00000000fb600000,0x00000000fb600000,0x00000000fbb80000)
  to   space 12800K, 0% used [0x00000000fbf00000,0x00000000fbf00000,0x00000000fcb80000)
 ParOldGen       total 163328K, used 31391K [0x00000000c0000000, 0x00000000c9f80000, 0x00000000eab00000)
  object space 163328K, 19% used [0x00000000c0000000,0x00000000c1ea7d08,0x00000000c9f80000)
 Metaspace       used 67150K, capacity 71852K, committed 72960K, reserved 1114112K
  class space    used 8488K, capacity 9026K, committed 9216K, reserved 1048576K
}

