# JRE version: OpenJDK Runtime Environment (8.0_76-b03) (build 1.8.0_76-release-b03)
# Java VM: OpenJDK 64-Bit Server VM (25.76-b03 mixed mode linux-amd64 compressed oops)
Heap:
 PSYoungGen      total 245760K, used 244867K [0x00000000eab00000, 0x00000000fb880000, 0x0000000100000000)
  eden space 234496K, 99% used [0x00000000eab00000,0x00000000f8f24f30,0x00000000f9000000)
  from space 11264K, 99% used [0x00000000f9e00000,0x00000000fa8fbd38,0x00000000fa900000)
  to   space 14336K, 85% used [0x00000000f9000000,0x00000000f9bebb78,0x00000000f9e00000)
 ParOldGen       total 168448K, used 34125K [0x00000000c0000000, 0x00000000ca480000, 0x00000000eab00000)
  object space 168448K, 20% used [0x00000000c0000000,0x00000000c2153490,0x00000000ca480000)
 Metaspace       used 69991K, capacity 76468K, committed 77184K, reserved 1116160K
  class space    used 8830K, capacity 9492K, committed 9856K, reserved 1048576K
GC Heap History (10 events):
Event: 12893,258 GC heap after
Heap after GC invocations=85 (full 26):
 PSYoungGen      total 235008K, used 3376K [0x00000000eab00000, 0x00000000fa780000, 0x0000000100000000)
  eden space 231424K, 0% used [0x00000000eab00000,0x00000000eab00000,0x00000000f8d00000)
  from space 3584K, 94% used [0x00000000f9780000,0x00000000f9acc020,0x00000000f9b00000)
  to   space 12800K, 0% used [0x00000000f9b00000,0x00000000f9b00000,0x00000000fa780000)
 ParOldGen       total 168448K, used 30171K [0x00000000c0000000, 0x00000000ca480000, 0x00000000eab00000)
  object space 168448K, 17% used [0x00000000c0000000,0x00000000c1d76da8,0x00000000ca480000)
 Metaspace       used 70071K, capacity 76502K, committed 76928K, reserved 1116160K
  class space    used 8845K, capacity 9506K, committed 9856K, reserved 1048576K
}
Event: 12893,258 GC heap before
{Heap before GC invocations=86 (full 27):
 PSYoungGen      total 235008K, used 3376K [0x00000000eab00000, 0x00000000fa780000, 0x0000000100000000)
  eden space 231424K, 0% used [0x00000000eab00000,0x00000000eab00000,0x00000000f8d00000)
  from space 3584K, 94% used [0x00000000f9780000,0x00000000f9acc020,0x00000000f9b00000)
  to   space 12800K, 0% used [0x00000000f9b00000,0x00000000f9b00000,0x00000000fa780000)
 ParOldGen       total 168448K, used 30171K [0x00000000c0000000, 0x00000000ca480000, 0x00000000eab00000)
  object space 168448K, 17% used [0x00000000c0000000,0x00000000c1d76da8,0x00000000ca480000)
 Metaspace       used 70071K, capacity 76502K, committed 76928K, reserved 1116160K
  class space    used 8845K, capacity 9506K, committed 9856K, reserved 1048576K
Event: 12893,444 GC heap after
Heap after GC invocations=86 (full 27):
 PSYoungGen      total 235008K, used 0K [0x00000000eab00000, 0x00000000fa780000, 0x0000000100000000)
  eden space 231424K, 0% used [0x00000000eab00000,0x00000000eab00000,0x00000000f8d00000)
  from space 3584K, 0% used [0x00000000f9780000,0x00000000f9780000,0x00000000f9b00000)
  to   space 12800K, 0% used [0x00000000f9b00000,0x00000000f9b00000,0x00000000fa780000)
 ParOldGen       total 168448K, used 30073K [0x00000000c0000000, 0x00000000ca480000, 0x00000000eab00000)
  object space 168448K, 17% used [0x00000000c0000000,0x00000000c1d5e660,0x00000000ca480000)
 Metaspace       used 69377K, capacity 75342K, committed 76928K, reserved 1116160K
  class space    used 8740K, capacity 9317K, committed 9856K, reserved 1048576K
}
Event: 12926,841 GC heap before
{Heap before GC invocations=87 (full 27):
 PSYoungGen      total 235008K, used 231424K [0x00000000eab00000, 0x00000000fa780000, 0x0000000100000000)
  eden space 231424K, 100% used [0x00000000eab00000,0x00000000f8d00000,0x00000000f8d00000)
  from space 3584K, 0% used [0x00000000f9780000,0x00000000f9780000,0x00000000f9b00000)
  to   space 12800K, 0% used [0x00000000f9b00000,0x00000000f9b00000,0x00000000fa780000)
 ParOldGen       total 168448K, used 30073K [0x00000000c0000000, 0x00000000ca480000, 0x00000000eab00000)
  object space 168448K, 17% used [0x00000000c0000000,0x00000000c1d5e660,0x00000000ca480000)
 Metaspace       used 69757K, capacity 76070K, committed 77184K, reserved 1116160K
  class space    used 8803K, capacity 9417K, committed 9856K, reserved 1048576K
Event: 12926,851 GC heap after
Heap after GC invocations=87 (full 27):
 PSYoungGen      total 246784K, used 4832K [0x00000000eab00000, 0x00000000fa800000, 0x0000000100000000)
  eden space 233984K, 0% used [0x00000000eab00000,0x00000000eab00000,0x00000000f8f80000)
  from space 12800K, 37% used [0x00000000f9b00000,0x00000000f9fb8010,0x00000000fa780000)
  to   space 11776K, 0% used [0x00000000f8f80000,0x00000000f8f80000,0x00000000f9b00000)
 ParOldGen       total 168448K, used 30081K [0x00000000c0000000, 0x00000000ca480000, 0x00000000eab00000)
  object space 168448K, 17% used [0x00000000c0000000,0x00000000c1d60660,0x00000000ca480000)
 Metaspace       used 69757K, capacity 76070K, committed 77184K, reserved 1116160K
  class space    used 8803K, capacity 9417K, committed 9856K, reserved 1048576K
}
Event: 12942,469 GC heap before
{Heap before GC invocations=88 (full 27):
 PSYoungGen      total 246784K, used 238816K [0x00000000eab00000, 0x00000000fa800000, 0x0000000100000000)
  eden space 233984K, 100% used [0x00000000eab00000,0x00000000f8f80000,0x00000000f8f80000)
  from space 12800K, 37% used [0x00000000f9b00000,0x00000000f9fb8010,0x00000000fa780000)
  to   space 11776K, 0% used [0x00000000f8f80000,0x00000000f8f80000,0x00000000f9b00000)
 ParOldGen       total 168448K, used 30081K [0x00000000c0000000, 0x00000000ca480000, 0x00000000eab00000)
  object space 168448K, 17% used [0x00000000c0000000,0x00000000c1d60660,0x00000000ca480000)
 Metaspace       used 69824K, capacity 76194K, committed 77184K, reserved 1116160K
  class space    used 8814K, capacity 9431K, committed 9856K, reserved 1048576K
Event: 12942,474 GC heap after
Heap after GC invocations=88 (full 27):
 PSYoungGen      total 245760K, used 5088K [0x00000000eab00000, 0x00000000fa900000, 0x0000000100000000)
  eden space 233984K, 0% used [0x00000000eab00000,0x00000000eab00000,0x00000000f8f80000)
  from space 11776K, 43% used [0x00000000f8f80000,0x00000000f9478010,0x00000000f9b00000)
  to   space 11264K, 0% used [0x00000000f9e00000,0x00000000f9e00000,0x00000000fa900000)
 ParOldGen       total 168448K, used 30089K [0x00000000c0000000, 0x00000000ca480000, 0x00000000eab00000)
  object space 168448K, 17% used [0x00000000c0000000,0x00000000c1d62660,0x00000000ca480000)
 Metaspace       used 69824K, capacity 76194K, committed 77184K, reserved 1116160K
  class space    used 8814K, capacity 9431K, committed 9856K, reserved 1048576K
}
Event: 12943,341 GC heap before
{Heap before GC invocations=89 (full 27):
 PSYoungGen      total 245760K, used 239072K [0x00000000eab00000, 0x00000000fa900000, 0x0000000100000000)
  eden space 233984K, 100% used [0x00000000eab00000,0x00000000f8f80000,0x00000000f8f80000)
  from space 11776K, 43% used [0x00000000f8f80000,0x00000000f9478010,0x00000000f9b00000)
  to   space 11264K, 0% used [0x00000000f9e00000,0x00000000f9e00000,0x00000000fa900000)
 ParOldGen       total 168448K, used 30089K [0x00000000c0000000, 0x00000000ca480000, 0x00000000eab00000)
  object space 168448K, 17% used [0x00000000c0000000,0x00000000c1d62660,0x00000000ca480000)
 Metaspace       used 69928K, capacity 76390K, committed 77184K, reserved 1116160K
  class space    used 8823K, capacity 9479K, committed 9856K, reserved 1048576K
Event: 12943,360 GC heap after
Heap after GC invocations=89 (full 27):
 PSYoungGen      total 245760K, used 11247K [0x00000000eab00000, 0x00000000fb880000, 0x0000000100000000)
  eden space 234496K, 0% used [0x00000000eab00000,0x00000000eab00000,0x00000000f9000000)
  from space 11264K, 99% used [0x00000000f9e00000,0x00000000fa8fbd38,0x00000000fa900000)
  to   space 14336K, 0% used [0x00000000f9000000,0x00000000f9000000,0x00000000f9e00000)
 ParOldGen       total 168448K, used 34117K [0x00000000c0000000, 0x00000000ca480000, 0x00000000eab00000)
  object space 168448K, 20% used [0x00000000c0000000,0x00000000c2151490,0x00000000ca480000)
 Metaspace       used 69928K, capacity 76390K, committed 77184K, reserved 1116160K
  class space    used 8823K, capacity 9479K, committed 9856K, reserved 1048576K
}
Event: 12944,036 GC heap before
{Heap before GC invocations=90 (full 27):
 PSYoungGen      total 245760K, used 244867K [0x00000000eab00000, 0x00000000fb880000, 0x0000000100000000)
  eden space 234496K, 99% used [0x00000000eab00000,0x00000000f8f24f30,0x00000000f9000000)
  from space 11264K, 99% used [0x00000000f9e00000,0x00000000fa8fbd38,0x00000000fa900000)
  to   space 14336K, 0% used [0x00000000f9000000,0x00000000f9000000,0x00000000f9e00000)
 ParOldGen       total 168448K, used 34117K [0x00000000c0000000, 0x00000000ca480000, 0x00000000eab00000)
  object space 168448K, 20% used [0x00000000c0000000,0x00000000c2151490,0x00000000ca480000)
 Metaspace       used 69991K, capacity 76468K, committed 77184K, reserved 1116160K
  class space    used 8830K, capacity 9492K, committed 9856K, reserved 1048576K

