# JRE version: OpenJDK Runtime Environment (8.0_76-b03) (build 1.8.0_76-release-b03)
# Java VM: OpenJDK 64-Bit Server VM (25.76-b03 mixed mode linux-amd64 compressed oops)
Heap:
 PSYoungGen      total 266752K, used 10747K [0x00000000eab00000, 0x0000000100000000, 0x0000000100000000)
  eden space 256000K, 0% used [0x00000000eab00000,0x00000000eab00000,0x00000000fa500000)
  from space 10752K, 99% used [0x00000000fa500000,0x00000000faf7ee10,0x00000000faf80000)
  to   space 14848K, 0% used [0x00000000ff180000,0x00000000ff180000,0x0000000100000000)
 ParOldGen       total 89600K, used 9212K [0x00000000c0000000, 0x00000000c5780000, 0x00000000eab00000)
  object space 89600K, 10% used [0x00000000c0000000,0x00000000c08ff120,0x00000000c5780000)
 Metaspace       used 34732K, capacity 35330K, committed 35496K, reserved 1079296K
  class space    used 4662K, capacity 4862K, committed 4864K, reserved 1048576K
GC Heap History (10 events):
Event: 1,517 GC heap after
Heap after GC invocations=2 (full 0):
 PSYoungGen      total 139776K, used 10751K [0x00000000eab00000, 0x00000000f3e00000, 0x0000000100000000)
  eden space 129024K, 0% used [0x00000000eab00000,0x00000000eab00000,0x00000000f2900000)
  from space 10752K, 99% used [0x00000000f3380000,0x00000000f3dfffe8,0x00000000f3e00000)
  to   space 10752K, 0% used [0x00000000f2900000,0x00000000f2900000,0x00000000f3380000)
 ParOldGen       total 172032K, used 2475K [0x00000000c0000000, 0x00000000ca800000, 0x00000000eab00000)
  object space 172032K, 1% used [0x00000000c0000000,0x00000000c026ad28,0x00000000ca800000)
 Metaspace       used 20353K, capacity 20716K, committed 20736K, reserved 1067008K
  class space    used 2716K, capacity 2815K, committed 2816K, reserved 1048576K
}
Event: 1,593 GC heap before
{Heap before GC invocations=3 (full 0):
 PSYoungGen      total 139776K, used 19091K [0x00000000eab00000, 0x00000000f3e00000, 0x0000000100000000)
  eden space 129024K, 6% used [0x00000000eab00000,0x00000000eb324e00,0x00000000f2900000)
  from space 10752K, 99% used [0x00000000f3380000,0x00000000f3dfffe8,0x00000000f3e00000)
  to   space 10752K, 0% used [0x00000000f2900000,0x00000000f2900000,0x00000000f3380000)
 ParOldGen       total 172032K, used 2475K [0x00000000c0000000, 0x00000000ca800000, 0x00000000eab00000)
  object space 172032K, 1% used [0x00000000c0000000,0x00000000c026ad28,0x00000000ca800000)
 Metaspace       used 20898K, capacity 21186K, committed 21296K, reserved 1067008K
  class space    used 2788K, capacity 2885K, committed 2944K, reserved 1048576K
Event: 1,614 GC heap after
Heap after GC invocations=3 (full 0):
 PSYoungGen      total 139776K, used 8084K [0x00000000eab00000, 0x00000000fbc00000, 0x0000000100000000)
  eden space 129024K, 0% used [0x00000000eab00000,0x00000000eab00000,0x00000000f2900000)
  from space 10752K, 75% used [0x00000000f2900000,0x00000000f30e5040,0x00000000f3380000)
  to   space 10752K, 0% used [0x00000000fb180000,0x00000000fb180000,0x00000000fbc00000)
 ParOldGen       total 172032K, used 2483K [0x00000000c0000000, 0x00000000ca800000, 0x00000000eab00000)
  object space 172032K, 1% used [0x00000000c0000000,0x00000000c026cd28,0x00000000ca800000)
 Metaspace       used 20898K, capacity 21186K, committed 21296K, reserved 1067008K
  class space    used 2788K, capacity 2885K, committed 2944K, reserved 1048576K
}
Event: 1,614 GC heap before
{Heap before GC invocations=4 (full 1):
 PSYoungGen      total 139776K, used 8084K [0x00000000eab00000, 0x00000000fbc00000, 0x0000000100000000)
  eden space 129024K, 0% used [0x00000000eab00000,0x00000000eab00000,0x00000000f2900000)
  from space 10752K, 75% used [0x00000000f2900000,0x00000000f30e5040,0x00000000f3380000)
  to   space 10752K, 0% used [0x00000000fb180000,0x00000000fb180000,0x00000000fbc00000)
 ParOldGen       total 172032K, used 2483K [0x00000000c0000000, 0x00000000ca800000, 0x00000000eab00000)
  object space 172032K, 1% used [0x00000000c0000000,0x00000000c026cd28,0x00000000ca800000)
 Metaspace       used 20898K, capacity 21186K, committed 21296K, reserved 1067008K
  class space    used 2788K, capacity 2885K, committed 2944K, reserved 1048576K
Event: 1,654 GC heap after
Heap after GC invocations=4 (full 1):
 PSYoungGen      total 139776K, used 0K [0x00000000eab00000, 0x00000000fbc00000, 0x0000000100000000)
  eden space 129024K, 0% used [0x00000000eab00000,0x00000000eab00000,0x00000000f2900000)
  from space 10752K, 0% used [0x00000000f2900000,0x00000000f2900000,0x00000000f3380000)
  to   space 10752K, 0% used [0x00000000fb180000,0x00000000fb180000,0x00000000fbc00000)
 ParOldGen       total 89600K, used 7875K [0x00000000c0000000, 0x00000000c5780000, 0x00000000eab00000)
  object space 89600K, 8% used [0x00000000c0000000,0x00000000c07b0ff8,0x00000000c5780000)
 Metaspace       used 20898K, capacity 21186K, committed 21296K, reserved 1067008K
  class space    used 2788K, capacity 2885K, committed 2944K, reserved 1048576K
}
Event: 2,687 GC heap before
{Heap before GC invocations=5 (full 1):
 PSYoungGen      total 139776K, used 129024K [0x00000000eab00000, 0x00000000fbc00000, 0x0000000100000000)
  eden space 129024K, 100% used [0x00000000eab00000,0x00000000f2900000,0x00000000f2900000)
  from space 10752K, 0% used [0x00000000f2900000,0x00000000f2900000,0x00000000f3380000)
  to   space 10752K, 0% used [0x00000000fb180000,0x00000000fb180000,0x00000000fbc00000)
 ParOldGen       total 89600K, used 7875K [0x00000000c0000000, 0x00000000c5780000, 0x00000000eab00000)
  object space 89600K, 8% used [0x00000000c0000000,0x00000000c07b0ff8,0x00000000c5780000)
 Metaspace       used 27439K, capacity 27982K, committed 28288K, reserved 1073152K
  class space    used 3748K, capacity 3883K, committed 3968K, reserved 1048576K
Event: 2,703 GC heap after
Heap after GC invocations=5 (full 1):
 PSYoungGen      total 233472K, used 8429K [0x00000000eab00000, 0x00000000fba00000, 0x0000000100000000)
  eden space 224768K, 0% used [0x00000000eab00000,0x00000000eab00000,0x00000000f8680000)
  from space 8704K, 96% used [0x00000000fb180000,0x00000000fb9bb710,0x00000000fba00000)
  to   space 10752K, 0% used [0x00000000fa500000,0x00000000fa500000,0x00000000faf80000)
 ParOldGen       total 89600K, used 7883K [0x00000000c0000000, 0x00000000c5780000, 0x00000000eab00000)
  object space 89600K, 8% used [0x00000000c0000000,0x00000000c07b2ff8,0x00000000c5780000)
 Metaspace       used 27439K, capacity 27982K, committed 28288K, reserved 1073152K
  class space    used 3748K, capacity 3883K, committed 3968K, reserved 1048576K
}
Event: 3,565 GC heap before
{Heap before GC invocations=6 (full 1):
 PSYoungGen      total 233472K, used 109676K [0x00000000eab00000, 0x00000000fba00000, 0x0000000100000000)
  eden space 224768K, 45% used [0x00000000eab00000,0x00000000f0ddfca0,0x00000000f8680000)
  from space 8704K, 96% used [0x00000000fb180000,0x00000000fb9bb710,0x00000000fba00000)
  to   space 10752K, 0% used [0x00000000fa500000,0x00000000fa500000,0x00000000faf80000)
 ParOldGen       total 89600K, used 7883K [0x00000000c0000000, 0x00000000c5780000, 0x00000000eab00000)
  object space 89600K, 8% used [0x00000000c0000000,0x00000000c07b2ff8,0x00000000c5780000)
 Metaspace       used 34732K, capacity 35330K, committed 35496K, reserved 1079296K
  class space    used 4662K, capacity 4862K, committed 4864K, reserved 1048576K
Event: 3,582 GC heap after
Heap after GC invocations=6 (full 1):
 PSYoungGen      total 266752K, used 10747K [0x00000000eab00000, 0x0000000100000000, 0x0000000100000000)
  eden space 256000K, 0% used [0x00000000eab00000,0x00000000eab00000,0x00000000fa500000)
  from space 10752K, 99% used [0x00000000fa500000,0x00000000faf7ee10,0x00000000faf80000)
  to   space 14848K, 0% used [0x00000000ff180000,0x00000000ff180000,0x0000000100000000)
 ParOldGen       total 89600K, used 9212K [0x00000000c0000000, 0x00000000c5780000, 0x00000000eab00000)
  object space 89600K, 10% used [0x00000000c0000000,0x00000000c08ff120,0x00000000c5780000)
 Metaspace       used 34732K, capacity 35330K, committed 35496K, reserved 1079296K
  class space    used 4662K, capacity 4862K, committed 4864K, reserved 1048576K
}
Event: 3,582 GC heap before
{Heap before GC invocations=7 (full 2):
 PSYoungGen      total 266752K, used 10747K [0x00000000eab00000, 0x0000000100000000, 0x0000000100000000)
  eden space 256000K, 0% used [0x00000000eab00000,0x00000000eab00000,0x00000000fa500000)
  from space 10752K, 99% used [0x00000000fa500000,0x00000000faf7ee10,0x00000000faf80000)
  to   space 14848K, 0% used [0x00000000ff180000,0x00000000ff180000,0x0000000100000000)
 ParOldGen       total 89600K, used 9212K [0x00000000c0000000, 0x00000000c5780000, 0x00000000eab00000)
  object space 89600K, 10% used [0x00000000c0000000,0x00000000c08ff120,0x00000000c5780000)
 Metaspace       used 34732K, capacity 35330K, committed 35496K, reserved 1079296K
  class space    used 4662K, capacity 4862K, committed 4864K, reserved 1048576K

